{u'agencies': [{u'groupId': u'2',
                u'iconUrl': None,
                u'id': u'warbus',
                u'name': u'WARBUS'},
               {u'groupId': u'2',
                u'iconUrl': None,
                u'id': u'zkm_gdynia',
                u'name': u'ZKM Gdynia'},
               {u'groupId': u'2',
                u'iconUrl': None,
                u'id': u'mzk_wejherowo',
                u'name': u'MZK Wejherowo'},
               {u'groupId': u'2',
                u'iconUrl': None,
                u'id': u'pks_gdansk',
                u'name': u'PKS Gda\u0144sk'},
               {u'groupId': u'1',
                u'iconUrl': u'/agencies/photo/a_mpk_lodz.png',
                u'id': u'mpk_lodz',
                u'name': u'MPK \u0141\xf3d\u017a'},
               {u'groupId': u'3',
                u'iconUrl': u'/agencies/photo/a_metro_warszawskie_sp_z_oo.png',
                u'id': u'metro_warszawskie_sp_z_oo',
                u'name': u'Metro Warszawskie Sp. z o.o.'},
               {u'groupId': u'4',
                u'iconUrl': None,
                u'id': u'zditm_szczecin',
                u'name': u'ZDiTM Szczecin'},
               {u'groupId': u'7',
                u'iconUrl': u'/agencies/photo/a_mpk_wroclaw.png',
                u'id': u'mpk_wroclaw',
                u'name': u'MPK Wroc\u0142aw'},
               {u'groupId': u'6',
                u'iconUrl': u'/agencies/photo/a_ztm_w_lublinie.png',
                u'id': u'ztm_w_lublinie',
                u'name': u'ZTM w Lublinie'},
               {u'groupId': u'2',
                u'iconUrl': None,
                u'id': u'zkm_gdansk',
                u'name': u'ZKM Gda\u0144sk'},
               {u'groupId': u'3',
                u'iconUrl': u'/agencies/photo/a_ztm_warszawa.png',
                u'id': u'ztm_warszawa',
                u'name': u'ZTM Warszawa'},
               {u'groupId': u'9',
                u'iconUrl': u'/agencies/photo/a_mzk_gorzow.png',
                u'id': u'mzk_gorzow',
                u'name': u'MZK Gorz\xf3w'},
               {u'groupId': u'8',
                u'iconUrl': u'/agencies/photo/a_mpk_krakow.png',
                u'id': u'mpk_krakow',
                u'name': u'MPK Krak\xf3w'},
               {u'groupId': u'2',
                u'iconUrl': None,
                u'id': u'pkp_szybka_kolej_miejska_w_trojmiescie_sp_z_oo',
                u'name': u'PKP Szybka Kolej Miejska w Tr\xf3jmie\u015bcie Sp. z o.o.'},
               {u'groupId': u'10',
                u'iconUrl': u'/agencies/photo/a_kzk_gop.png',
                u'id': u'kzk_gop',
                u'name': u'KZK GOP'}],
 u'groups': [{u'iconUrl': u'/agencies/photo/g_\u0141\xf3d\u017a.png',
              u'id': u'1',
              u'name': u'MPK \u0141\xf3d\u017a'},
             {u'iconUrl': None, u'id': u'2', u'name': u'Tr\xf3jmiasto'},
             {u'iconUrl': u'/agencies/photo/g_Warszawa.png',
              u'id': u'3',
              u'name': u'ZTM Warszawa'},
             {u'iconUrl': None, u'id': u'4', u'name': u'ZDITM Szczecin'},
             {u'iconUrl': u'/agencies/photo/g_Lublin.png',
              u'id': u'6',
              u'name': u'ZTM Lublin'},
             {u'iconUrl': u'/agencies/photo/g_Wroc\u0142aw.png',
              u'id': u'7',
              u'name': u'MPK Wroc\u0142aw'},
             {u'iconUrl': u'/agencies/photo/g_Krak\xf3w.png',
              u'id': u'8',
              u'name': u'MPK Krak\xf3w'},
             {u'iconUrl': u'/agencies/photo/g_Gorz\xf3w.png',
              u'id': u'9',
              u'name': u'MZK Gorz\xf3w'},
             {u'iconUrl': u'/agencies/photo/g_GOP.png',
              u'id': u'10',
              u'name': u'KZK GOP'}]}
