[{u'agencyId': u'mpk_krakow',
  u'direction': u'FROM',
  u'id': u'8-16',
  u'lastStop': None,
  u'name': u'19',
  u'routeType': u'TRAM'},
 {u'agencyId': u'mpk_krakow',
  u'direction': u'FROM',
  u'id': u'8-17',
  u'lastStop': None,
  u'name': u'20',
  u'routeType': u'TRAM'},
 {u'agencyId': u'mpk_krakow',
  u'direction': u'FROM',
  u'id': u'8-14',
  u'lastStop': None,
  u'name': u'16',
  u'routeType': u'TRAM'},
 {u'agencyId': u'mpk_krakow',
  u'direction': u'FROM',
  u'id': u'8-15',
  u'lastStop': None,
  u'name': u'18',
  u'routeType': u'TRAM'},
 {u'agencyId': u'mpk_krakow',
  u'direction': u'FROM',
  u'id': u'8-18',
  u'lastStop': None,
  u'name': u'21',
  u'routeType': u'TRAM'},
 {u'agencyId': u'mpk_krakow',
  u'direction': u'TO',
  u'id': u'8-19',
  u'lastStop': None,
  u'name': u'22',
  u'routeType': u'TRAM'},
 {u'agencyId': u'mpk_krakow',
  u'direction': u'TO',
  u'id': u'8-12',
  u'lastStop': None,
  u'name': u'13',
  u'routeType': u'TRAM'},
 {u'agencyId': u'mpk_krakow',
  u'direction': u'TO',
  u'id': u'8-13',
  u'lastStop': None,
  u'name': u'14',
  u'routeType': u'TRAM'},
 {u'agencyId': u'mpk_krakow',
  u'direction': u'FROM',
  u'id': u'8-10',
  u'lastStop': None,
  u'name': u'11',
  u'routeType': u'TRAM'},
 {u'agencyId': u'mpk_krakow',
  u'direction': u'TO',
  u'id': u'8-11',
  u'lastStop': None,
  u'name': u'12',
  u'routeType': u'TRAM'},
 {u'agencyId': u'mpk_krakow',
  u'direction': u'TO',
  u'id': u'8-27',
  u'lastStop': None,
  u'name': u'100',
  u'routeType': u'BUS'},
 {u'agencyId': u'mpk_krakow',
  u'direction': u'TO',
  u'id': u'8-28',
  u'lastStop': None,
  u'name': u'101',
  u'routeType': u'BUS'},
 {u'agencyId': u'mpk_krakow',
  u'direction': u'TO',
  u'id': u'8-25',
  u'lastStop': None,
  u'name': u'64',
  u'routeType': u'TRAM'},
 {u'agencyId': u'mpk_krakow',
  u'direction': u'TO',
  u'id': u'8-26',
  u'lastStop': None,
  u'name': u'69',
  u'routeType': u'TRAM'},
 {u'agencyId': u'mpk_krakow',
  u'direction': u'TO',
  u'id': u'8-29',
  u'lastStop': None,
  u'name': u'102',
  u'routeType': u'BUS'},
 {u'agencyId': u'mpk_krakow',
  u'direction': u'TO',
  u'id': u'8-20',
  u'lastStop': None,
  u'name': u'23',
  u'routeType': u'TRAM'},
 {u'agencyId': u'mpk_krakow',
  u'direction': u'TO',
  u'id': u'8-23',
  u'lastStop': None,
  u'name': u'52',
  u'routeType': u'TRAM'},
 {u'agencyId': u'mpk_krakow',
  u'direction': u'TO',
  u'id': u'8-24',
  u'lastStop': None,
  u'name': u'62',
  u'routeType': u'TRAM'},
 {u'agencyId': u'mpk_krakow',
  u'direction': u'TO',
  u'id': u'8-21',
  u'lastStop': None,
  u'name': u'24',
  u'routeType': u'TRAM'},
 {u'agencyId': u'mpk_krakow',
  u'direction': u'TO',
  u'id': u'8-22',
  u'lastStop': None,
  u'name': u'50',
  u'routeType': u'TRAM'},
 {u'agencyId': u'mpk_krakow',
  u'direction': u'TO',
  u'id': u'8-38',
  u'lastStop': None,
  u'name': u'113',
  u'routeType': u'BUS'},
 {u'agencyId': u'mpk_krakow',
  u'direction': u'TO',
  u'id': u'8-39',
  u'lastStop': None,
  u'name': u'115',
  u'routeType': u'BUS'},
 {u'agencyId': u'mpk_krakow',
  u'direction': u'TO',
  u'id': u'8-36',
  u'lastStop': None,
  u'name': u'111',
  u'routeType': u'BUS'},
 {u'agencyId': u'mpk_krakow',
  u'direction': u'TO',
  u'id': u'8-37',
  u'lastStop': None,
  u'name': u'112',
  u'routeType': u'BUS'},
 {u'agencyId': u'mpk_krakow',
  u'direction': u'TO',
  u'id': u'8-30',
  u'lastStop': None,
  u'name': u'103',
  u'routeType': u'BUS'},
 {u'agencyId': u'mpk_krakow',
  u'direction': u'FROM',
  u'id': u'8-128',
  u'lastStop': None,
  u'name': u'248',
  u'routeType': u'BUS'},
 {u'agencyId': u'mpk_krakow',
  u'direction': u'TO',
  u'id': u'8-31',
  u'lastStop': None,
  u'name': u'105',
  u'routeType': u'BUS'},
 {u'agencyId': u'mpk_krakow',
  u'direction': u'FROM',
  u'id': u'8-129',
  u'lastStop': None,
  u'name': u'249',
  u'routeType': u'BUS'},
 {u'agencyId': u'mpk_krakow',
  u'direction': u'FROM',
  u'id': u'8-126',
  u'lastStop': None,
  u'name': u'245',
  u'routeType': u'BUS'},
 {u'agencyId': u'mpk_krakow',
  u'direction': u'FROM',
  u'id': u'8-127',
  u'lastStop': None,
  u'name': u'247',
  u'routeType': u'BUS'},
 {u'agencyId': u'mpk_krakow',
  u'direction': u'TO',
  u'id': u'8-34',
  u'lastStop': None,
  u'name': u'109',
  u'routeType': u'BUS'},
 {u'agencyId': u'mpk_krakow',
  u'direction': u'TO',
  u'id': u'8-35',
  u'lastStop': None,
  u'name': u'110',
  u'routeType': u'BUS'},
 {u'agencyId': u'mpk_krakow',
  u'direction': u'TO',
  u'id': u'8-32',
  u'lastStop': None,
  u'name': u'106',
  u'routeType': u'BUS'},
 {u'agencyId': u'mpk_krakow',
  u'direction': u'TO',
  u'id': u'8-33',
  u'lastStop': None,
  u'name': u'107',
  u'routeType': u'BUS'},
 {u'agencyId': u'mpk_krakow',
  u'direction': u'TO',
  u'id': u'8-131',
  u'lastStop': None,
  u'name': u'252',
  u'routeType': u'BUS'},
 {u'agencyId': u'mpk_krakow',
  u'direction': u'FROM',
  u'id': u'8-132',
  u'lastStop': None,
  u'name': u'253',
  u'routeType': u'BUS'},
 {u'agencyId': u'mpk_krakow',
  u'direction': u'TO',
  u'id': u'8-130',
  u'lastStop': None,
  u'name': u'250',
  u'routeType': u'BUS'},
 {u'agencyId': u'mpk_krakow',
  u'direction': u'FROM',
  u'id': u'8-135',
  u'lastStop': None,
  u'name': u'258',
  u'routeType': u'BUS'},
 {u'agencyId': u'mpk_krakow',
  u'direction': u'FROM',
  u'id': u'8-136',
  u'lastStop': None,
  u'name': u'259',
  u'routeType': u'BUS'},
 {u'agencyId': u'mpk_krakow',
  u'direction': u'FROM',
  u'id': u'8-133',
  u'lastStop': None,
  u'name': u'255',
  u'routeType': u'BUS'},
 {u'agencyId': u'mpk_krakow',
  u'direction': u'FROM',
  u'id': u'8-134',
  u'lastStop': None,
  u'name': u'257',
  u'routeType': u'BUS'},
 {u'agencyId': u'mpk_krakow',
  u'direction': u'TO',
  u'id': u'8-49',
  u'lastStop': None,
  u'name': u'129',
  u'routeType': u'BUS'},
 {u'agencyId': u'mpk_krakow',
  u'direction': u'TO',
  u'id': u'8-47',
  u'lastStop': None,
  u'name': u'127',
  u'routeType': u'BUS'},
 {u'agencyId': u'mpk_krakow',
  u'direction': u'TO',
  u'id': u'8-48',
  u'lastStop': None,
  u'name': u'128',
  u'routeType': u'BUS'},
 {u'agencyId': u'mpk_krakow',
  u'direction': u'FROM',
  u'id': u'8-41',
  u'lastStop': None,
  u'name': u'118',
  u'routeType': u'BUS'},
 {u'agencyId': u'mpk_krakow',
  u'direction': u'TO',
  u'id': u'8-117',
  u'lastStop': None,
  u'name': u'233',
  u'routeType': u'BUS'},
 {u'agencyId': u'mpk_krakow',
  u'direction': u'FROM',
  u'id': u'8-42',
  u'lastStop': None,
  u'name': u'120',
  u'routeType': u'BUS'},
 {u'agencyId': u'mpk_krakow',
  u'direction': u'TO',
  u'id': u'8-118',
  u'lastStop': None,
  u'name': u'235',
  u'routeType': u'BUS'},
 {u'agencyId': u'mpk_krakow',
  u'direction': u'TO',
  u'id': u'8-115',
  u'lastStop': None,
  u'name': u'230',
  u'routeType': u'BUS'},
 {u'agencyId': u'mpk_krakow',
  u'direction': u'TO',
  u'id': u'8-40',
  u'lastStop': None,
  u'name': u'117',
  u'routeType': u'BUS'},
 {u'agencyId': u'mpk_krakow',
  u'direction': u'TO',
  u'id': u'8-116',
  u'lastStop': None,
  u'name': u'232',
  u'routeType': u'BUS'},
 {u'agencyId': u'mpk_krakow',
  u'direction': u'FROM',
  u'id': u'8-45',
  u'lastStop': None,
  u'name': u'124',
  u'routeType': u'BUS'},
 {u'agencyId': u'mpk_krakow',
  u'direction': u'TO',
  u'id': u'8-46',
  u'lastStop': None,
  u'name': u'125',
  u'routeType': u'BUS'},
 {u'agencyId': u'mpk_krakow',
  u'direction': u'FROM',
  u'id': u'8-43',
  u'lastStop': None,
  u'name': u'122',
  u'routeType': u'BUS'},
 {u'agencyId': u'mpk_krakow',
  u'direction': u'TO',
  u'id': u'8-119',
  u'lastStop': None,
  u'name': u'237',
  u'routeType': u'BUS'},
 {u'agencyId': u'mpk_krakow',
  u'direction': u'FROM',
  u'id': u'8-44',
  u'lastStop': None,
  u'name': u'123',
  u'routeType': u'BUS'},
 {u'agencyId': u'mpk_krakow',
  u'direction': u'TO',
  u'id': u'8-120',
  u'lastStop': None,
  u'name': u'238',
  u'routeType': u'BUS'},
 {u'agencyId': u'mpk_krakow',
  u'direction': u'TO',
  u'id': u'8-121',
  u'lastStop': None,
  u'name': u'239',
  u'routeType': u'BUS'},
 {u'agencyId': u'mpk_krakow',
  u'direction': u'FROM',
  u'id': u'8-124',
  u'lastStop': None,
  u'name': u'243',
  u'routeType': u'BUS'},
 {u'agencyId': u'mpk_krakow',
  u'direction': u'FROM',
  u'id': u'8-125',
  u'lastStop': None,
  u'name': u'244',
  u'routeType': u'BUS'},
 {u'agencyId': u'mpk_krakow',
  u'direction': u'TO',
  u'id': u'8-122',
  u'lastStop': None,
  u'name': u'240',
  u'routeType': u'BUS'},
 {u'agencyId': u'mpk_krakow',
  u'direction': u'TO',
  u'id': u'8-123',
  u'lastStop': None,
  u'name': u'242',
  u'routeType': u'BUS'},
 {u'agencyId': u'mpk_krakow',
  u'direction': u'TO',
  u'id': u'8-58',
  u'lastStop': None,
  u'name': u'139',
  u'routeType': u'BUS'},
 {u'agencyId': u'mpk_krakow',
  u'direction': u'FROM',
  u'id': u'8-59',
  u'lastStop': None,
  u'name': u'141',
  u'routeType': u'BUS'},
 {u'agencyId': u'mpk_krakow',
  u'direction': u'FROM',
  u'id': u'8-52',
  u'lastStop': None,
  u'name': u'132',
  u'routeType': u'BUS'},
 {u'agencyId': u'mpk_krakow',
  u'direction': u'FROM',
  u'id': u'8-53',
  u'lastStop': None,
  u'name': u'133',
  u'routeType': u'BUS'},
 {u'agencyId': u'mpk_krakow',
  u'direction': u'TO',
  u'id': u'8-50',
  u'lastStop': None,
  u'name': u'130',
  u'routeType': u'BUS'},
 {u'agencyId': u'mpk_krakow',
  u'direction': u'TO',
  u'id': u'8-148',
  u'lastStop': None,
  u'name': u'280',
  u'routeType': u'BUS'},
 {u'agencyId': u'mpk_krakow',
  u'direction': u'FROM',
  u'id': u'8-51',
  u'lastStop': None,
  u'name': u'131',
  u'routeType': u'BUS'},
 {u'agencyId': u'mpk_krakow',
  u'direction': u'TO',
  u'id': u'8-149',
  u'lastStop': None,
  u'name': u'283',
  u'routeType': u'BUS'},
 {u'agencyId': u'mpk_krakow',
  u'direction': u'FROM',
  u'id': u'8-56',
  u'lastStop': None,
  u'name': u'137',
  u'routeType': u'BUS'},
 {u'agencyId': u'mpk_krakow',
  u'direction': u'FROM',
  u'id': u'8-57',
  u'lastStop': None,
  u'name': u'138',
  u'routeType': u'BUS'},
 {u'agencyId': u'mpk_krakow',
  u'direction': u'FROM',
  u'id': u'8-54',
  u'lastStop': None,
  u'name': u'134',
  u'routeType': u'BUS'},
 {u'agencyId': u'mpk_krakow',
  u'direction': u'FROM',
  u'id': u'8-55',
  u'lastStop': None,
  u'name': u'135',
  u'routeType': u'BUS'},
 {u'agencyId': u'mpk_krakow',
  u'direction': u'TO',
  u'id': u'8-153',
  u'lastStop': None,
  u'name': u'297',
  u'routeType': u'BUS'},
 {u'agencyId': u'mpk_krakow',
  u'direction': u'TO',
  u'id': u'8-154',
  u'lastStop': None,
  u'name': u'301',
  u'routeType': u'BUS'},
 {u'agencyId': u'mpk_krakow',
  u'direction': u'TO',
  u'id': u'8-151',
  u'lastStop': None,
  u'name': u'287',
  u'routeType': u'BUS'},
 {u'agencyId': u'mpk_krakow',
  u'direction': u'TO',
  u'id': u'8-152',
  u'lastStop': None,
  u'name': u'292',
  u'routeType': u'BUS'},
 {u'agencyId': u'mpk_krakow',
  u'direction': u'TO',
  u'id': u'8-157',
  u'lastStop': None,
  u'name': u'409',
  u'routeType': u'BUS'},
 {u'agencyId': u'mpk_krakow',
  u'direction': u'TO',
  u'id': u'8-158',
  u'lastStop': None,
  u'name': u'422',
  u'routeType': u'BUS'},
 {u'agencyId': u'mpk_krakow',
  u'direction': u'TO',
  u'id': u'8-155',
  u'lastStop': None,
  u'name': u'304',
  u'routeType': u'BUS'},
 {u'agencyId': u'mpk_krakow',
  u'direction': u'TO',
  u'id': u'8-156',
  u'lastStop': None,
  u'name': u'405',
  u'routeType': u'BUS'},
 {u'agencyId': u'mpk_krakow',
  u'direction': u'TO',
  u'id': u'8-150',
  u'lastStop': None,
  u'name': u'285',
  u'routeType': u'BUS'},
 {u'agencyId': u'mpk_krakow',
  u'direction': u'TO',
  u'id': u'8-69',
  u'lastStop': None,
  u'name': u'158',
  u'routeType': u'BUS'},
 {u'agencyId': u'mpk_krakow',
  u'direction': u'FROM',
  u'id': u'8-63',
  u'lastStop': None,
  u'name': u'145',
  u'routeType': u'BUS'},
 {u'agencyId': u'mpk_krakow',
  u'direction': u'TO',
  u'id': u'8-139',
  u'lastStop': None,
  u'name': u'265',
  u'routeType': u'BUS'},
 {u'agencyId': u'mpk_krakow',
  u'direction': u'FROM',
  u'id': u'8-64',
  u'lastStop': None,
  u'name': u'151',
  u'routeType': u'BUS'},
 {u'agencyId': u'mpk_krakow',
  u'direction': u'FROM',
  u'id': u'8-61',
  u'lastStop': None,
  u'name': u'143',
  u'routeType': u'BUS'},
 {u'agencyId': u'mpk_krakow',
  u'direction': u'TO',
  u'id': u'8-137',
  u'lastStop': None,
  u'name': u'260',
  u'routeType': u'BUS'},
 {u'agencyId': u'mpk_krakow',
  u'direction': u'FROM',
  u'id': u'8-62',
  u'lastStop': None,
  u'name': u'144',
  u'routeType': u'BUS'},
 {u'agencyId': u'mpk_krakow',
  u'direction': u'TO',
  u'id': u'8-138',
  u'lastStop': None,
  u'name': u'263',
  u'routeType': u'BUS'},
 {u'agencyId': u'mpk_krakow',
  u'direction': u'TO',
  u'id': u'8-67',
  u'lastStop': None,
  u'name': u'154',
  u'routeType': u'BUS'},
 {u'agencyId': u'mpk_krakow',
  u'direction': u'TO',
  u'id': u'8-68',
  u'lastStop': None,
  u'name': u'155',
  u'routeType': u'BUS'},
 {u'agencyId': u'mpk_krakow',
  u'direction': u'FROM',
  u'id': u'8-65',
  u'lastStop': None,
  u'name': u'152',
  u'routeType': u'BUS'},
 {u'agencyId': u'mpk_krakow',
  u'direction': u'FROM',
  u'id': u'8-66',
  u'lastStop': None,
  u'name': u'153',
  u'routeType': u'BUS'},
 {u'agencyId': u'mpk_krakow',
  u'direction': u'TO',
  u'id': u'8-142',
  u'lastStop': None,
  u'name': u'269',
  u'routeType': u'BUS'},
 {u'agencyId': u'mpk_krakow',
  u'direction': u'TO',
  u'id': u'8-143',
  u'lastStop': None,
  u'name': u'270',
  u'routeType': u'BUS'},
 {u'agencyId': u'mpk_krakow',
  u'direction': u'TO',
  u'id': u'8-140',
  u'lastStop': None,
  u'name': u'267',
  u'routeType': u'BUS'},
 {u'agencyId': u'mpk_krakow',
  u'direction': u'TO',
  u'id': u'8-141',
  u'lastStop': None,
  u'name': u'268',
  u'routeType': u'BUS'},
 {u'agencyId': u'mpk_krakow',
  u'direction': u'TO',
  u'id': u'8-146',
  u'lastStop': None,
  u'name': u'277',
  u'routeType': u'BUS'},
 {u'agencyId': u'mpk_krakow',
  u'direction': u'FROM',
  u'id': u'8-60',
  u'lastStop': None,
  u'name': u'142',
  u'routeType': u'BUS'},
 {u'agencyId': u'mpk_krakow',
  u'direction': u'TO',
  u'id': u'8-147',
  u'lastStop': None,
  u'name': u'278',
  u'routeType': u'BUS'},
 {u'agencyId': u'mpk_krakow',
  u'direction': u'TO',
  u'id': u'8-144',
  u'lastStop': None,
  u'name': u'273',
  u'routeType': u'BUS'},
 {u'agencyId': u'mpk_krakow',
  u'direction': u'TO',
  u'id': u'8-145',
  u'lastStop': None,
  u'name': u'275',
  u'routeType': u'BUS'},
 {u'agencyId': u'mpk_krakow',
  u'direction': u'TO',
  u'id': u'8-74',
  u'lastStop': None,
  u'name': u'164',
  u'routeType': u'BUS'},
 {u'agencyId': u'mpk_krakow',
  u'direction': u'TO',
  u'id': u'8-75',
  u'lastStop': None,
  u'name': u'166',
  u'routeType': u'BUS'},
 {u'agencyId': u'mpk_krakow',
  u'direction': u'TO',
  u'id': u'8-72',
  u'lastStop': None,
  u'name': u'162',
  u'routeType': u'BUS'},
 {u'agencyId': u'mpk_krakow',
  u'direction': u'TO',
  u'id': u'8-73',
  u'lastStop': None,
  u'name': u'163',
  u'routeType': u'BUS'},
 {u'agencyId': u'mpk_krakow',
  u'direction': u'FROM',
  u'id': u'8-78',
  u'lastStop': None,
  u'name': u'171',
  u'routeType': u'BUS'},
 {u'agencyId': u'mpk_krakow',
  u'direction': u'TO',
  u'id': u'8-79',
  u'lastStop': None,
  u'name': u'172',
  u'routeType': u'BUS'},
 {u'agencyId': u'mpk_krakow',
  u'direction': u'FROM',
  u'id': u'8-76',
  u'lastStop': None,
  u'name': u'168',
  u'routeType': u'BUS'},
 {u'agencyId': u'mpk_krakow',
  u'direction': u'FROM',
  u'id': u'8-77',
  u'lastStop': None,
  u'name': u'169',
  u'routeType': u'BUS'},
 {u'agencyId': u'mpk_krakow',
  u'direction': u'FROM',
  u'id': u'8-175',
  u'lastStop': None,
  u'name': u'642',
  u'routeType': u'RAIL'},
 {u'agencyId': u'mpk_krakow',
  u'direction': u'FROM',
  u'id': u'8-176',
  u'lastStop': None,
  u'name': u'643',
  u'routeType': u'RAIL'},
 {u'agencyId': u'mpk_krakow',
  u'direction': u'FROM',
  u'id': u'8-173',
  u'lastStop': None,
  u'name': u'611',
  u'routeType': u'RAIL'},
 {u'agencyId': u'mpk_krakow',
  u'direction': u'FROM',
  u'id': u'8-174',
  u'lastStop': None,
  u'name': u'637',
  u'routeType': u'RAIL'},
 {u'agencyId': u'mpk_krakow',
  u'direction': u'TO',
  u'id': u'8-70',
  u'lastStop': None,
  u'name': u'159',
  u'routeType': u'BUS'},
 {u'agencyId': u'mpk_krakow',
  u'direction': u'FROM',
  u'id': u'8-179',
  u'lastStop': None,
  u'name': u'669',
  u'routeType': u'RAIL'},
 {u'agencyId': u'mpk_krakow',
  u'direction': u'TO',
  u'id': u'8-71',
  u'lastStop': None,
  u'name': u'161',
  u'routeType': u'BUS'},
 {u'agencyId': u'mpk_krakow',
  u'direction': u'FROM',
  u'id': u'8-177',
  u'lastStop': None,
  u'name': u'662',
  u'routeType': u'RAIL'},
 {u'agencyId': u'mpk_krakow',
  u'direction': u'FROM',
  u'id': u'8-178',
  u'lastStop': None,
  u'name': u'664',
  u'routeType': u'RAIL'},
 {u'agencyId': u'mpk_krakow',
  u'direction': u'FROM',
  u'id': u'8-171',
  u'lastStop': None,
  u'name': u'608',
  u'routeType': u'RAIL'},
 {u'agencyId': u'mpk_krakow',
  u'direction': u'FROM',
  u'id': u'8-172',
  u'lastStop': None,
  u'name': u'610',
  u'routeType': u'RAIL'},
 {u'agencyId': u'mpk_krakow',
  u'direction': u'FROM',
  u'id': u'8-170',
  u'lastStop': None,
  u'name': u'605',
  u'routeType': u'RAIL'},
 {u'agencyId': u'mpk_krakow',
  u'direction': u'FROM',
  u'id': u'8-85',
  u'lastStop': None,
  u'name': u'181',
  u'routeType': u'BUS'},
 {u'agencyId': u'mpk_krakow',
  u'direction': u'TO',
  u'id': u'8-86',
  u'lastStop': None,
  u'name': u'182',
  u'routeType': u'BUS'},
 {u'agencyId': u'mpk_krakow',
  u'direction': u'FROM',
  u'id': u'8-83',
  u'lastStop': None,
  u'name': u'178',
  u'routeType': u'BUS'},
 {u'agencyId': u'mpk_krakow',
  u'direction': u'TO',
  u'id': u'8-159',
  u'lastStop': None,
  u'name': u'424',
  u'routeType': u'BUS'},
 {u'agencyId': u'mpk_krakow',
  u'direction': u'FROM',
  u'id': u'8-84',
  u'lastStop': None,
  u'name': u'179',
  u'routeType': u'BUS'},
 {u'agencyId': u'mpk_krakow',
  u'direction': u'TO',
  u'id': u'8-89',
  u'lastStop': None,
  u'name': u'193',
  u'routeType': u'BUS'},
 {u'agencyId': u'mpk_krakow',
  u'direction': u'TO',
  u'id': u'8-87',
  u'lastStop': None,
  u'name': u'183',
  u'routeType': u'BUS'},
 {u'agencyId': u'mpk_krakow',
  u'direction': u'TO',
  u'id': u'8-88',
  u'lastStop': None,
  u'name': u'184',
  u'routeType': u'BUS'},
 {u'agencyId': u'mpk_krakow',
  u'direction': u'FROM',
  u'id': u'8-164',
  u'lastStop': None,
  u'name': u'501',
  u'routeType': u'BUS'},
 {u'agencyId': u'mpk_krakow',
  u'direction': u'FROM',
  u'id': u'8-165',
  u'lastStop': None,
  u'name': u'502',
  u'routeType': u'BUS'},
 {u'agencyId': u'mpk_krakow',
  u'direction': u'FROM',
  u'id': u'8-162',
  u'lastStop': None,
  u'name': u'451',
  u'routeType': u'BUS'},
 {u'agencyId': u'mpk_krakow',
  u'direction': u'FROM',
  u'id': u'8-163',
  u'lastStop': None,
  u'name': u'482',
  u'routeType': u'BUS'},
 {u'agencyId': u'mpk_krakow',
  u'direction': u'TO',
  u'id': u'8-81',
  u'lastStop': None,
  u'name': u'174',
  u'routeType': u'BUS'},
 {u'agencyId': u'mpk_krakow',
  u'direction': u'FROM',
  u'id': u'8-168',
  u'lastStop': None,
  u'name': u'572',
  u'routeType': u'BUS'},
 {u'agencyId': u'mpk_krakow',
  u'direction': u'FROM',
  u'id': u'8-82',
  u'lastStop': None,
  u'name': u'175',
  u'routeType': u'BUS'},
 {u'agencyId': u'mpk_krakow',
  u'direction': u'FROM',
  u'id': u'8-169',
  u'lastStop': None,
  u'name': u'601',
  u'routeType': u'RAIL'},
 {u'agencyId': u'mpk_krakow',
  u'direction': u'FROM',
  u'id': u'8-166',
  u'lastStop': None,
  u'name': u'503',
  u'routeType': u'BUS'},
 {u'agencyId': u'mpk_krakow',
  u'direction': u'TO',
  u'id': u'8-80',
  u'lastStop': None,
  u'name': u'173',
  u'routeType': u'BUS'},
 {u'agencyId': u'mpk_krakow',
  u'direction': u'FROM',
  u'id': u'8-167',
  u'lastStop': None,
  u'name': u'504',
  u'routeType': u'BUS'},
 {u'agencyId': u'mpk_krakow',
  u'direction': u'FROM',
  u'id': u'8-160',
  u'lastStop': None,
  u'name': u'429',
  u'routeType': u'BUS'},
 {u'agencyId': u'mpk_krakow',
  u'direction': u'FROM',
  u'id': u'8-161',
  u'lastStop': None,
  u'name': u'439',
  u'routeType': u'BUS'},
 {u'agencyId': u'mpk_krakow',
  u'direction': u'TO',
  u'id': u'8-96',
  u'lastStop': None,
  u'name': u'208',
  u'routeType': u'BUS'},
 {u'agencyId': u'mpk_krakow',
  u'direction': u'TO',
  u'id': u'8-97',
  u'lastStop': None,
  u'name': u'209',
  u'routeType': u'BUS'},
 {u'agencyId': u'mpk_krakow',
  u'direction': u'TO',
  u'id': u'8-94',
  u'lastStop': None,
  u'name': u'204',
  u'routeType': u'BUS'},
 {u'agencyId': u'mpk_krakow',
  u'direction': u'TO',
  u'id': u'8-95',
  u'lastStop': None,
  u'name': u'207',
  u'routeType': u'BUS'},
 {u'agencyId': u'mpk_krakow',
  u'direction': u'FROM',
  u'id': u'8-98',
  u'lastStop': None,
  u'name': u'210',
  u'routeType': u'BUS'},
 {u'agencyId': u'mpk_krakow',
  u'direction': u'FROM',
  u'id': u'8-99',
  u'lastStop': None,
  u'name': u'211',
  u'routeType': u'BUS'},
 {u'agencyId': u'mpk_krakow',
  u'direction': u'TO',
  u'id': u'8-92',
  u'lastStop': None,
  u'name': u'202',
  u'routeType': u'BUS'},
 {u'agencyId': u'mpk_krakow',
  u'direction': u'TO',
  u'id': u'8-93',
  u'lastStop': None,
  u'name': u'203',
  u'routeType': u'BUS'},
 {u'agencyId': u'mpk_krakow',
  u'direction': u'TO',
  u'id': u'8-90',
  u'lastStop': None,
  u'name': u'194',
  u'routeType': u'BUS'},
 {u'agencyId': u'mpk_krakow',
  u'direction': u'TO',
  u'id': u'8-91',
  u'lastStop': None,
  u'name': u'201',
  u'routeType': u'BUS'},
 {u'agencyId': u'mpk_krakow',
  u'direction': u'FROM',
  u'id': u'8-182',
  u'lastStop': None,
  u'name': u'904',
  u'routeType': u'RAIL'},
 {u'agencyId': u'mpk_krakow',
  u'direction': u'FROM',
  u'id': u'8-183',
  u'lastStop': None,
  u'name': u'915',
  u'routeType': u'RAIL'},
 {u'agencyId': u'mpk_krakow',
  u'direction': u'FROM',
  u'id': u'8-180',
  u'lastStop': None,
  u'name': u'902',
  u'routeType': u'RAIL'},
 {u'agencyId': u'mpk_krakow',
  u'direction': u'FROM',
  u'id': u'8-181',
  u'lastStop': None,
  u'name': u'903',
  u'routeType': u'RAIL'},
 {u'agencyId': u'mpk_krakow',
  u'direction': u'FROM',
  u'id': u'8-106',
  u'lastStop': None,
  u'name': u'220',
  u'routeType': u'BUS'},
 {u'agencyId': u'mpk_krakow',
  u'direction': u'FROM',
  u'id': u'8-107',
  u'lastStop': None,
  u'name': u'221',
  u'routeType': u'BUS'},
 {u'agencyId': u'mpk_krakow',
  u'direction': u'FROM',
  u'id': u'8-104',
  u'lastStop': None,
  u'name': u'217',
  u'routeType': u'BUS'},
 {u'agencyId': u'mpk_krakow',
  u'direction': u'FROM',
  u'id': u'8-105',
  u'lastStop': None,
  u'name': u'218',
  u'routeType': u'BUS'},
 {u'agencyId': u'mpk_krakow',
  u'direction': u'FROM',
  u'id': u'8-108',
  u'lastStop': None,
  u'name': u'222',
  u'routeType': u'BUS'},
 {u'agencyId': u'mpk_krakow',
  u'direction': u'FROM',
  u'id': u'8-109',
  u'lastStop': None,
  u'name': u'223',
  u'routeType': u'BUS'},
 {u'agencyId': u'mpk_krakow',
  u'direction': u'FROM',
  u'id': u'8-110',
  u'lastStop': None,
  u'name': u'224',
  u'routeType': u'BUS'},
 {u'agencyId': u'mpk_krakow',
  u'direction': u'FROM',
  u'id': u'8-113',
  u'lastStop': None,
  u'name': u'227',
  u'routeType': u'BUS'},
 {u'agencyId': u'mpk_krakow',
  u'direction': u'TO',
  u'id': u'8-114',
  u'lastStop': None,
  u'name': u'229',
  u'routeType': u'BUS'},
 {u'agencyId': u'mpk_krakow',
  u'direction': u'FROM',
  u'id': u'8-111',
  u'lastStop': None,
  u'name': u'225',
  u'routeType': u'BUS'},
 {u'agencyId': u'mpk_krakow',
  u'direction': u'FROM',
  u'id': u'8-112',
  u'lastStop': None,
  u'name': u'226',
  u'routeType': u'BUS'},
 {u'agencyId': u'mpk_krakow',
  u'direction': u'FROM',
  u'id': u'8-102',
  u'lastStop': None,
  u'name': u'214',
  u'routeType': u'BUS'},
 {u'agencyId': u'mpk_krakow',
  u'direction': u'FROM',
  u'id': u'8-103',
  u'lastStop': None,
  u'name': u'215',
  u'routeType': u'BUS'},
 {u'agencyId': u'mpk_krakow',
  u'direction': u'FROM',
  u'id': u'8-100',
  u'lastStop': None,
  u'name': u'212',
  u'routeType': u'BUS'},
 {u'agencyId': u'mpk_krakow',
  u'direction': u'FROM',
  u'id': u'8-101',
  u'lastStop': None,
  u'name': u'213',
  u'routeType': u'BUS'},
 {u'agencyId': u'mpk_krakow',
  u'direction': u'FROM',
  u'id': u'8-0',
  u'lastStop': None,
  u'name': u'1',
  u'routeType': u'TRAM'},
 {u'agencyId': u'mpk_krakow',
  u'direction': u'FROM',
  u'id': u'8-1',
  u'lastStop': None,
  u'name': u'2',
  u'routeType': u'TRAM'},
 {u'agencyId': u'mpk_krakow',
  u'direction': u'FROM',
  u'id': u'8-2',
  u'lastStop': None,
  u'name': u'3',
  u'routeType': u'TRAM'},
 {u'agencyId': u'mpk_krakow',
  u'direction': u'FROM',
  u'id': u'8-3',
  u'lastStop': None,
  u'name': u'4',
  u'routeType': u'TRAM'},
 {u'agencyId': u'mpk_krakow',
  u'direction': u'FROM',
  u'id': u'8-4',
  u'lastStop': None,
  u'name': u'5',
  u'routeType': u'TRAM'},
 {u'agencyId': u'mpk_krakow',
  u'direction': u'FROM',
  u'id': u'8-5',
  u'lastStop': None,
  u'name': u'6',
  u'routeType': u'TRAM'},
 {u'agencyId': u'mpk_krakow',
  u'direction': u'TO',
  u'id': u'8-6',
  u'lastStop': None,
  u'name': u'7',
  u'routeType': u'TRAM'},
 {u'agencyId': u'mpk_krakow',
  u'direction': u'TO',
  u'id': u'8-7',
  u'lastStop': None,
  u'name': u'8',
  u'routeType': u'TRAM'},
 {u'agencyId': u'mpk_krakow',
  u'direction': u'TO',
  u'id': u'8-8',
  u'lastStop': None,
  u'name': u'9',
  u'routeType': u'TRAM'},
 {u'agencyId': u'mpk_krakow',
  u'direction': u'TO',
  u'id': u'8-9',
  u'lastStop': None,
  u'name': u'10',
  u'routeType': u'TRAM'}]
